<?xml version="1.0" encoding="UTF-8"?>
<!-- Generated by org.testng.reporters.JUnitXMLReporter -->
<testsuite hostname="SuneelReddy-PC" ignored="2" tests="1" failures="0" timestamp="02 May 2018 04:01:05 GMT" time="4.228" errors="0">
  <testcase name="passingAuthenticaton" time="4.192" classname="GetTheWeatherURL"/>
  <testcase name="listOfYearsJsonData" time="0.0" classname="GetTheWeatherURL">
    <ignored/>
  </testcase> <!-- listOfYearsJsonData -->
  <testcase name="getWeatherDetails" time="0.0" classname="GetTheWeatherURL">
    <ignored/>
  </testcase> <!-- getWeatherDetails -->
</testsuite>
