<?xml version="1.0" encoding="UTF-8"?>
<testng-results skipped="0" failed="0" ignored="2" total="3" passed="1">
  <reporter-output>
  </reporter-output>
  <suite name="Default suite" duration-ms="4228" started-at="2018-05-02T04:01:01Z" finished-at="2018-05-02T04:01:05Z">
    <groups>
    </groups>
    <test name="Default test" duration-ms="4228" started-at="2018-05-02T04:01:01Z" finished-at="2018-05-02T04:01:05Z">
      <class name="GetTheWeatherURL">
        <test-method status="PASS" signature="passingAuthenticaton()[pri:0, instance:GetTheWeatherURL@23a2f9]" name="passingAuthenticaton" duration-ms="4192" started-at="2018-05-01T23:01:01Z" finished-at="2018-05-01T23:01:05Z">
          <reporter-output>
          </reporter-output>
        </test-method> <!-- passingAuthenticaton -->
      </class> <!-- GetTheWeatherURL -->
    </test> <!-- Default test -->
  </suite> <!-- Default suite -->
</testng-results>
